<?xml version="1.0" encoding="UTF-8"?>
<!-- Generated by org.testng.reporters.JUnitReportReporter -->
<testsuite hostname="ATMECSINDT-022" name="test.TestingHere" tests="1" failures="0" timestamp="27 Sep 2014 12:40:07 GMT" time="0.009" errors="0">
  <testcase name="main" time="0.009" classname="test.TestingHere"/>
</testsuite> <!-- test.TestingHere -->
